Error: AppError: Invalid credentials
    at login (D:\BD\Ankush\AI Project creation\AI Project creation\New project\backend\dist\controllers\auth.controller.js:135:19)
    at process.processTicksAndRejections (node:internal/process/task_queues:103:5) {
  statusCode: 401,
  code: undefined
}
Error: MongoServerSelectionError: getaddrinfo ENOTFOUND ac-kgcjbnq-shard-00-02.muadh0a.mongodb.net
    at Topology.selectServer (D:\BD\Ankush\AI Project creation\AI Project creation\New project\backend\node_modules\mongodb\lib\sdam\topology.js:327:38)
    at runNextTicks (node:internal/process/task_queues:64:5)
    at listOnTimeout (node:internal/timers:567:9)
    at process.processTimers (node:internal/timers:541:7)
    at async tryOperation (D:\BD\Ankush\AI Project creation\AI Project creation\New project\backend\node_modules\mongodb\lib\operations\execute_operation.js:148:18)
    at async executeOperation (D:\BD\Ankush\AI Project creation\AI Project creation\New project\backend\node_modules\mongodb\lib\operations\execute_operation.js:78:16)
    at async FindCursor._initialize (D:\BD\Ankush\AI Project creation\AI Project creation\New project\backend\node_modules\mongodb\lib\cursor\find_cursor.js:62:26)
    at async FindCursor.cursorInit (D:\BD\Ankush\AI Project creation\AI Project creation\New project\backend\node_modules\mongodb\lib\cursor\abstract_cursor.js:632:27)
    at async FindCursor.fetchBatch (D:\BD\Ankush\AI Project creation\AI Project creation\New project\backend\node_modules\mongodb\lib\cursor\abstract_cursor.js:666:13)
    at async FindCursor.next (D:\BD\Ankush\AI Project creation\AI Project creation\New project\backend\node_modules\mongodb\lib\cursor\abstract_cursor.js:342:17) {
  errorLabelSet: Set(0) {},
  reason: TopologyDescription {
    type: 'ReplicaSetNoPrimary',
    servers: Map(3) {
      'ac-kgcjbnq-shard-00-02.muadh0a.mongodb.net:27017' => [ServerDescription],
      'ac-kgcjbnq-shard-00-01.muadh0a.mongodb.net:27017' => [ServerDescription],
      'ac-kgcjbnq-shard-00-00.muadh0a.mongodb.net:27017' => [ServerDescription]
    },
    stale: false,
    compatible: true,
    heartbeatFrequencyMS: 10000,
    localThresholdMS: 15,
    setName: 'atlas-kak0a3-shard-0',
    maxElectionId: new ObjectId('7fffffff000000000000005b'),
    maxSetVersion: 25,
    commonWireVersion: 0,
    logicalSessionTimeoutMinutes: null
  },
  code: undefined,
  [cause]: MongoNetworkError: getaddrinfo ENOTFOUND ac-kgcjbnq-shard-00-02.muadh0a.mongodb.net
      at TLSSocket.<anonymous> (D:\BD\Ankush\AI Project creation\AI Project creation\New project\backend\node_modules\mongodb\lib\cmap\connect.js:286:44)
      at Object.onceWrapper (node:events:623:26)
      at TLSSocket.emit (node:events:508:28)
      at emitErrorNT (node:internal/streams/destroy:170:8)
      at emitErrorCloseNT (node:internal/streams/destroy:129:3)
      at process.processTicksAndRejections (node:internal/process/task_queues:89:21) {
    errorLabelSet: Set(1) { 'ResetPool' },
    beforeHandshake: false,
    [cause]: Error: getaddrinfo ENOTFOUND ac-kgcjbnq-shard-00-02.muadh0a.mongodb.net
        at GetAddrInfoReqWrap.onlookupall [as oncomplete] (node:dns:122:26) {
      errno: -3008,
      code: 'ENOTFOUND',
      syscall: 'getaddrinfo',
      hostname: 'ac-kgcjbnq-shard-00-02.muadh0a.mongodb.net'
    }
  }
}
Error: MongoServerSelectionError: getaddrinfo ENOTFOUND ac-kgcjbnq-shard-00-02.muadh0a.mongodb.net
    at Topology.selectServer (D:\BD\Ankush\AI Project creation\AI Project creation\New project\backend\node_modules\mongodb\lib\sdam\topology.js:327:38)
    at async tryOperation (D:\BD\Ankush\AI Project creation\AI Project creation\New project\backend\node_modules\mongodb\lib\operations\execute_operation.js:148:18)
    at async executeOperation (D:\BD\Ankush\AI Project creation\AI Project creation\New project\backend\node_modules\mongodb\lib\operations\execute_operation.js:78:16)
    at async FindCursor._initialize (D:\BD\Ankush\AI Project creation\AI Project creation\New project\backend\node_modules\mongodb\lib\cursor\find_cursor.js:62:26)
    at async FindCursor.cursorInit (D:\BD\Ankush\AI Project creation\AI Project creation\New project\backend\node_modules\mongodb\lib\cursor\abstract_cursor.js:632:27)
    at async FindCursor.fetchBatch (D:\BD\Ankush\AI Project creation\AI Project creation\New project\backend\node_modules\mongodb\lib\cursor\abstract_cursor.js:666:13)
    at async FindCursor.next (D:\BD\Ankush\AI Project creation\AI Project creation\New project\backend\node_modules\mongodb\lib\cursor\abstract_cursor.js:342:17)
    at async Collection.findOne (D:\BD\Ankush\AI Project creation\AI Project creation\New project\backend\node_modules\mongodb\lib\collection.js:313:24)
    at async model.Query._findOne (D:\BD\Ankush\AI Project creation\AI Project creation\New project\backend\node_modules\mongoose\lib\query.js:2710:15)
    at async model.Query.exec (D:\BD\Ankush\AI Project creation\AI Project creation\New project\backend\node_modules\mongoose\lib\query.js:4627:63) {
  errorLabelSet: Set(0) {},
  reason: TopologyDescription {
    type: 'ReplicaSetNoPrimary',
    servers: Map(3) {
      'ac-kgcjbnq-shard-00-02.muadh0a.mongodb.net:27017' => [ServerDescription],
      'ac-kgcjbnq-shard-00-01.muadh0a.mongodb.net:27017' => [ServerDescription],
      'ac-kgcjbnq-shard-00-00.muadh0a.mongodb.net:27017' => [ServerDescription]
    },
    stale: false,
    compatible: true,
    heartbeatFrequencyMS: 10000,
    localThresholdMS: 15,
    setName: 'atlas-kak0a3-shard-0',
    maxElectionId: new ObjectId('7fffffff000000000000005b'),
    maxSetVersion: 25,
    commonWireVersion: 0,
    logicalSessionTimeoutMinutes: null
  },
  code: undefined,
  [cause]: MongoNetworkError: getaddrinfo ENOTFOUND ac-kgcjbnq-shard-00-02.muadh0a.mongodb.net
      at TLSSocket.<anonymous> (D:\BD\Ankush\AI Project creation\AI Project creation\New project\backend\node_modules\mongodb\lib\cmap\connect.js:286:44)
      at Object.onceWrapper (node:events:623:26)
      at TLSSocket.emit (node:events:508:28)
      at emitErrorNT (node:internal/streams/destroy:170:8)
      at emitErrorCloseNT (node:internal/streams/destroy:129:3)
      at process.processTicksAndRejections (node:internal/process/task_queues:89:21) {
    errorLabelSet: Set(1) { 'ResetPool' },
    beforeHandshake: false,
    [cause]: Error: getaddrinfo ENOTFOUND ac-kgcjbnq-shard-00-02.muadh0a.mongodb.net
        at GetAddrInfoReqWrap.onlookupall [as oncomplete] (node:dns:122:26) {
      errno: -3008,
      code: 'ENOTFOUND',
      syscall: 'getaddrinfo',
      hostname: 'ac-kgcjbnq-shard-00-02.muadh0a.mongodb.net'
    }
  }
}
Error [ERR_HTTP_HEADERS_SENT]: Cannot set headers after they are sent to the client
    at ServerResponse.setHeader (node:_http_outgoing:642:11)
    at ServerResponse.header (D:\BD\Ankush\AI Project creation\AI Project creation\New project\backend\node_modules\express\lib\response.js:794:10)
    at ServerResponse.send (D:\BD\Ankush\AI Project creation\AI Project creation\New project\backend\node_modules\express\lib\response.js:174:12)
    at ServerResponse.json (D:\BD\Ankush\AI Project creation\AI Project creation\New project\backend\node_modules\express\lib\response.js:278:15)
    at errorHandler (D:\BD\Ankush\AI Project creation\AI Project creation\New project\backend\dist\middleware\errorHandler.js:46:28)
    at newFn (D:\BD\Ankush\AI Project creation\AI Project creation\New project\backend\node_modules\express-async-errors\index.js:16:20)
    at Layer.handle_error (D:\BD\Ankush\AI Project creation\AI Project creation\New project\backend\node_modules\express\lib\router\layer.js:71:5)
    at trim_prefix (D:\BD\Ankush\AI Project creation\AI Project creation\New project\backend\node_modules\express\lib\router\index.js:326:13)
    at D:\BD\Ankush\AI Project creation\AI Project creation\New project\backend\node_modules\express\lib\router\index.js:286:9
    at router.process_params (D:\BD\Ankush\AI Project creation\AI Project creation\New project\backend\node_modules\express\lib\router\index.js:346:12)
Error: MongoServerSelectionError: getaddrinfo ENOTFOUND ac-kgcjbnq-shard-00-02.muadh0a.mongodb.net
    at Topology.selectServer (D:\BD\Ankush\AI Project creation\AI Project creation\New project\backend\node_modules\mongodb\lib\sdam\topology.js:327:38)
    at runNextTicks (node:internal/process/task_queues:64:5)
    at listOnTimeout (node:internal/timers:567:9)
    at process.processTimers (node:internal/timers:541:7)
    at async tryOperation (D:\BD\Ankush\AI Project creation\AI Project creation\New project\backend\node_modules\mongodb\lib\operations\execute_operation.js:148:18)
    at async executeOperation (D:\BD\Ankush\AI Project creation\AI Project creation\New project\backend\node_modules\mongodb\lib\operations\execute_operation.js:78:16)
    at async FindCursor._initialize (D:\BD\Ankush\AI Project creation\AI Project creation\New project\backend\node_modules\mongodb\lib\cursor\find_cursor.js:62:26)
    at async FindCursor.cursorInit (D:\BD\Ankush\AI Project creation\AI Project creation\New project\backend\node_modules\mongodb\lib\cursor\abstract_cursor.js:632:27)
    at async FindCursor.fetchBatch (D:\BD\Ankush\AI Project creation\AI Project creation\New project\backend\node_modules\mongodb\lib\cursor\abstract_cursor.js:666:13)
    at async FindCursor.next (D:\BD\Ankush\AI Project creation\AI Project creation\New project\backend\node_modules\mongodb\lib\cursor\abstract_cursor.js:342:17) {
  errorLabelSet: Set(0) {},
  reason: TopologyDescription {
    type: 'ReplicaSetNoPrimary',
    servers: Map(3) {
      'ac-kgcjbnq-shard-00-02.muadh0a.mongodb.net:27017' => [ServerDescription],
      'ac-kgcjbnq-shard-00-01.muadh0a.mongodb.net:27017' => [ServerDescription],
      'ac-kgcjbnq-shard-00-00.muadh0a.mongodb.net:27017' => [ServerDescription]
    },
    stale: false,
    compatible: true,
    heartbeatFrequencyMS: 10000,
    localThresholdMS: 15,
    setName: 'atlas-kak0a3-shard-0',
    maxElectionId: new ObjectId('7fffffff000000000000005b'),
    maxSetVersion: 25,
    commonWireVersion: 0,
    logicalSessionTimeoutMinutes: null
  },
  code: undefined,
  [cause]: MongoNetworkError: getaddrinfo ENOTFOUND ac-kgcjbnq-shard-00-02.muadh0a.mongodb.net
      at TLSSocket.<anonymous> (D:\BD\Ankush\AI Project creation\AI Project creation\New project\backend\node_modules\mongodb\lib\cmap\connect.js:286:44)
      at Object.onceWrapper (node:events:623:26)
      at TLSSocket.emit (node:events:508:28)
      at emitErrorNT (node:internal/streams/destroy:170:8)
      at emitErrorCloseNT (node:internal/streams/destroy:129:3)
      at process.processTicksAndRejections (node:internal/process/task_queues:89:21) {
    errorLabelSet: Set(1) { 'ResetPool' },
    beforeHandshake: false,
    [cause]: Error: getaddrinfo ENOTFOUND ac-kgcjbnq-shard-00-02.muadh0a.mongodb.net
        at GetAddrInfoReqWrap.onlookupall [as oncomplete] (node:dns:122:26) {
      errno: -3008,
      code: 'ENOTFOUND',
      syscall: 'getaddrinfo',
      hostname: 'ac-kgcjbnq-shard-00-02.muadh0a.mongodb.net'
    }
  }
}
Error: MongoServerSelectionError: getaddrinfo ENOTFOUND ac-kgcjbnq-shard-00-02.muadh0a.mongodb.net
    at Topology.selectServer (D:\BD\Ankush\AI Project creation\AI Project creation\New project\backend\node_modules\mongodb\lib\sdam\topology.js:327:38)
    at async tryOperation (D:\BD\Ankush\AI Project creation\AI Project creation\New project\backend\node_modules\mongodb\lib\operations\execute_operation.js:148:18)
    at async executeOperation (D:\BD\Ankush\AI Project creation\AI Project creation\New project\backend\node_modules\mongodb\lib\operations\execute_operation.js:78:16)
    at async FindCursor._initialize (D:\BD\Ankush\AI Project creation\AI Project creation\New project\backend\node_modules\mongodb\lib\cursor\find_cursor.js:62:26)
    at async FindCursor.cursorInit (D:\BD\Ankush\AI Project creation\AI Project creation\New project\backend\node_modules\mongodb\lib\cursor\abstract_cursor.js:632:27)
    at async FindCursor.fetchBatch (D:\BD\Ankush\AI Project creation\AI Project creation\New project\backend\node_modules\mongodb\lib\cursor\abstract_cursor.js:666:13)
    at async FindCursor.next (D:\BD\Ankush\AI Project creation\AI Project creation\New project\backend\node_modules\mongodb\lib\cursor\abstract_cursor.js:342:17)
    at async Collection.findOne (D:\BD\Ankush\AI Project creation\AI Project creation\New project\backend\node_modules\mongodb\lib\collection.js:313:24)
    at async model.Query._findOne (D:\BD\Ankush\AI Project creation\AI Project creation\New project\backend\node_modules\mongoose\lib\query.js:2710:15)
    at async model.Query.exec (D:\BD\Ankush\AI Project creation\AI Project creation\New project\backend\node_modules\mongoose\lib\query.js:4627:63) {
  errorLabelSet: Set(0) {},
  reason: TopologyDescription {
    type: 'ReplicaSetNoPrimary',
    servers: Map(3) {
      'ac-kgcjbnq-shard-00-02.muadh0a.mongodb.net:27017' => [ServerDescription],
      'ac-kgcjbnq-shard-00-01.muadh0a.mongodb.net:27017' => [ServerDescription],
      'ac-kgcjbnq-shard-00-00.muadh0a.mongodb.net:27017' => [ServerDescription]
    },
    stale: false,
    compatible: true,
    heartbeatFrequencyMS: 10000,
    localThresholdMS: 15,
    setName: 'atlas-kak0a3-shard-0',
    maxElectionId: new ObjectId('7fffffff000000000000005b'),
    maxSetVersion: 25,
    commonWireVersion: 0,
    logicalSessionTimeoutMinutes: null
  },
  code: undefined,
  [cause]: MongoNetworkError: getaddrinfo ENOTFOUND ac-kgcjbnq-shard-00-02.muadh0a.mongodb.net
      at TLSSocket.<anonymous> (D:\BD\Ankush\AI Project creation\AI Project creation\New project\backend\node_modules\mongodb\lib\cmap\connect.js:286:44)
      at Object.onceWrapper (node:events:623:26)
      at TLSSocket.emit (node:events:508:28)
      at emitErrorNT (node:internal/streams/destroy:170:8)
      at emitErrorCloseNT (node:internal/streams/destroy:129:3)
      at process.processTicksAndRejections (node:internal/process/task_queues:89:21) {
    errorLabelSet: Set(1) { 'ResetPool' },
    beforeHandshake: false,
    [cause]: Error: getaddrinfo ENOTFOUND ac-kgcjbnq-shard-00-02.muadh0a.mongodb.net
        at GetAddrInfoReqWrap.onlookupall [as oncomplete] (node:dns:122:26) {
      errno: -3008,
      code: 'ENOTFOUND',
      syscall: 'getaddrinfo',
      hostname: 'ac-kgcjbnq-shard-00-02.muadh0a.mongodb.net'
    }
  }
}
Error: MongoServerSelectionError: getaddrinfo ENOTFOUND ac-kgcjbnq-shard-00-02.muadh0a.mongodb.net
    at Topology.selectServer (D:\BD\Ankush\AI Project creation\AI Project creation\New project\backend\node_modules\mongodb\lib\sdam\topology.js:327:38)
    at async tryOperation (D:\BD\Ankush\AI Project creation\AI Project creation\New project\backend\node_modules\mongodb\lib\operations\execute_operation.js:148:18)
    at async executeOperation (D:\BD\Ankush\AI Project creation\AI Project creation\New project\backend\node_modules\mongodb\lib\operations\execute_operation.js:78:16)
    at async FindCursor._initialize (D:\BD\Ankush\AI Project creation\AI Project creation\New project\backend\node_modules\mongodb\lib\cursor\find_cursor.js:62:26)
    at async FindCursor.cursorInit (D:\BD\Ankush\AI Project creation\AI Project creation\New project\backend\node_modules\mongodb\lib\cursor\abstract_cursor.js:632:27)
    at async FindCursor.fetchBatch (D:\BD\Ankush\AI Project creation\AI Project creation\New project\backend\node_modules\mongodb\lib\cursor\abstract_cursor.js:666:13)
    at async FindCursor.next (D:\BD\Ankush\AI Project creation\AI Project creation\New project\backend\node_modules\mongodb\lib\cursor\abstract_cursor.js:342:17)
    at async Collection.findOne (D:\BD\Ankush\AI Project creation\AI Project creation\New project\backend\node_modules\mongodb\lib\collection.js:313:24)
    at async model.Query._findOne (D:\BD\Ankush\AI Project creation\AI Project creation\New project\backend\node_modules\mongoose\lib\query.js:2710:15)
    at async model.Query.exec (D:\BD\Ankush\AI Project creation\AI Project creation\New project\backend\node_modules\mongoose\lib\query.js:4627:63) {
  errorLabelSet: Set(0) {},
  reason: TopologyDescription {
    type: 'ReplicaSetNoPrimary',
    servers: Map(3) {
      'ac-kgcjbnq-shard-00-02.muadh0a.mongodb.net:27017' => [ServerDescription],
      'ac-kgcjbnq-shard-00-01.muadh0a.mongodb.net:27017' => [ServerDescription],
      'ac-kgcjbnq-shard-00-00.muadh0a.mongodb.net:27017' => [ServerDescription]
    },
    stale: false,
    compatible: true,
    heartbeatFrequencyMS: 10000,
    localThresholdMS: 15,
    setName: 'atlas-kak0a3-shard-0',
    maxElectionId: new ObjectId('7fffffff000000000000005b'),
    maxSetVersion: 25,
    commonWireVersion: 0,
    logicalSessionTimeoutMinutes: null
  },
  code: undefined,
  [cause]: MongoNetworkError: getaddrinfo ENOTFOUND ac-kgcjbnq-shard-00-02.muadh0a.mongodb.net
      at TLSSocket.<anonymous> (D:\BD\Ankush\AI Project creation\AI Project creation\New project\backend\node_modules\mongodb\lib\cmap\connect.js:286:44)
      at Object.onceWrapper (node:events:623:26)
      at TLSSocket.emit (node:events:508:28)
      at emitErrorNT (node:internal/streams/destroy:170:8)
      at emitErrorCloseNT (node:internal/streams/destroy:129:3)
      at process.processTicksAndRejections (node:internal/process/task_queues:89:21) {
    errorLabelSet: Set(1) { 'ResetPool' },
    beforeHandshake: false,
    [cause]: Error: getaddrinfo ENOTFOUND ac-kgcjbnq-shard-00-02.muadh0a.mongodb.net
        at GetAddrInfoReqWrap.onlookupall [as oncomplete] (node:dns:122:26) {
      errno: -3008,
      code: 'ENOTFOUND',
      syscall: 'getaddrinfo',
      hostname: 'ac-kgcjbnq-shard-00-02.muadh0a.mongodb.net'
    }
  }
}
Error [ERR_HTTP_HEADERS_SENT]: Cannot set headers after they are sent to the client
    at ServerResponse.setHeader (node:_http_outgoing:642:11)
    at ServerResponse.header (D:\BD\Ankush\AI Project creation\AI Project creation\New project\backend\node_modules\express\lib\response.js:794:10)
    at ServerResponse.send (D:\BD\Ankush\AI Project creation\AI Project creation\New project\backend\node_modules\express\lib\response.js:174:12)
    at ServerResponse.json (D:\BD\Ankush\AI Project creation\AI Project creation\New project\backend\node_modules\express\lib\response.js:278:15)
    at errorHandler (D:\BD\Ankush\AI Project creation\AI Project creation\New project\backend\dist\middleware\errorHandler.js:46:28)
    at newFn (D:\BD\Ankush\AI Project creation\AI Project creation\New project\backend\node_modules\express-async-errors\index.js:16:20)
    at Layer.handle_error (D:\BD\Ankush\AI Project creation\AI Project creation\New project\backend\node_modules\express\lib\router\layer.js:71:5)
    at trim_prefix (D:\BD\Ankush\AI Project creation\AI Project creation\New project\backend\node_modules\express\lib\router\index.js:326:13)
    at D:\BD\Ankush\AI Project creation\AI Project creation\New project\backend\node_modules\express\lib\router\index.js:286:9
    at router.process_params (D:\BD\Ankush\AI Project creation\AI Project creation\New project\backend\node_modules\express\lib\router\index.js:346:12)
Error: MongoServerSelectionError: getaddrinfo ENOTFOUND ac-kgcjbnq-shard-00-02.muadh0a.mongodb.net
    at Topology.selectServer (D:\BD\Ankush\AI Project creation\AI Project creation\New project\backend\node_modules\mongodb\lib\sdam\topology.js:327:38)
    at runNextTicks (node:internal/process/task_queues:64:5)
    at listOnTimeout (node:internal/timers:567:9)
    at process.processTimers (node:internal/timers:541:7)
    at async tryOperation (D:\BD\Ankush\AI Project creation\AI Project creation\New project\backend\node_modules\mongodb\lib\operations\execute_operation.js:148:18)
    at async executeOperation (D:\BD\Ankush\AI Project creation\AI Project creation\New project\backend\node_modules\mongodb\lib\operations\execute_operation.js:78:16)
    at async FindCursor._initialize (D:\BD\Ankush\AI Project creation\AI Project creation\New project\backend\node_modules\mongodb\lib\cursor\find_cursor.js:62:26)
    at async FindCursor.cursorInit (D:\BD\Ankush\AI Project creation\AI Project creation\New project\backend\node_modules\mongodb\lib\cursor\abstract_cursor.js:632:27)
    at async FindCursor.fetchBatch (D:\BD\Ankush\AI Project creation\AI Project creation\New project\backend\node_modules\mongodb\lib\cursor\abstract_cursor.js:666:13)
    at async FindCursor.next (D:\BD\Ankush\AI Project creation\AI Project creation\New project\backend\node_modules\mongodb\lib\cursor\abstract_cursor.js:342:17) {
  errorLabelSet: Set(0) {},
  reason: TopologyDescription {
    type: 'ReplicaSetNoPrimary',
    servers: Map(3) {
      'ac-kgcjbnq-shard-00-02.muadh0a.mongodb.net:27017' => [ServerDescription],
      'ac-kgcjbnq-shard-00-01.muadh0a.mongodb.net:27017' => [ServerDescription],
      'ac-kgcjbnq-shard-00-00.muadh0a.mongodb.net:27017' => [ServerDescription]
    },
    stale: false,
    compatible: true,
    heartbeatFrequencyMS: 10000,
    localThresholdMS: 15,
    setName: 'atlas-kak0a3-shard-0',
    maxElectionId: new ObjectId('7fffffff000000000000005b'),
    maxSetVersion: 25,
    commonWireVersion: 0,
    logicalSessionTimeoutMinutes: null
  },
  code: undefined,
  [cause]: MongoNetworkError: getaddrinfo ENOTFOUND ac-kgcjbnq-shard-00-02.muadh0a.mongodb.net
      at TLSSocket.<anonymous> (D:\BD\Ankush\AI Project creation\AI Project creation\New project\backend\node_modules\mongodb\lib\cmap\connect.js:286:44)
      at Object.onceWrapper (node:events:623:26)
      at TLSSocket.emit (node:events:508:28)
      at emitErrorNT (node:internal/streams/destroy:170:8)
      at emitErrorCloseNT (node:internal/streams/destroy:129:3)
      at process.processTicksAndRejections (node:internal/process/task_queues:89:21) {
    errorLabelSet: Set(1) { 'ResetPool' },
    beforeHandshake: false,
    [cause]: Error: getaddrinfo ENOTFOUND ac-kgcjbnq-shard-00-02.muadh0a.mongodb.net
        at GetAddrInfoReqWrap.onlookupall [as oncomplete] (node:dns:122:26) {
      errno: -3008,
      code: 'ENOTFOUND',
      syscall: 'getaddrinfo',
      hostname: 'ac-kgcjbnq-shard-00-02.muadh0a.mongodb.net'
    }
  }
}
Error: MongoServerSelectionError: getaddrinfo ENOTFOUND ac-kgcjbnq-shard-00-02.muadh0a.mongodb.net
    at Topology.selectServer (D:\BD\Ankush\AI Project creation\AI Project creation\New project\backend\node_modules\mongodb\lib\sdam\topology.js:327:38)
    at runNextTicks (node:internal/process/task_queues:64:5)
    at listOnTimeout (node:internal/timers:567:9)
    at process.processTimers (node:internal/timers:541:7)
    at async tryOperation (D:\BD\Ankush\AI Project creation\AI Project creation\New project\backend\node_modules\mongodb\lib\operations\execute_operation.js:148:18)
    at async executeOperation (D:\BD\Ankush\AI Project creation\AI Project creation\New project\backend\node_modules\mongodb\lib\operations\execute_operation.js:78:16)
    at async FindCursor._initialize (D:\BD\Ankush\AI Project creation\AI Project creation\New project\backend\node_modules\mongodb\lib\cursor\find_cursor.js:62:26)
    at async FindCursor.cursorInit (D:\BD\Ankush\AI Project creation\AI Project creation\New project\backend\node_modules\mongodb\lib\cursor\abstract_cursor.js:632:27)
    at async FindCursor.fetchBatch (D:\BD\Ankush\AI Project creation\AI Project creation\New project\backend\node_modules\mongodb\lib\cursor\abstract_cursor.js:666:13)
    at async FindCursor.next (D:\BD\Ankush\AI Project creation\AI Project creation\New project\backend\node_modules\mongodb\lib\cursor\abstract_cursor.js:342:17) {
  errorLabelSet: Set(0) {},
  reason: TopologyDescription {
    type: 'ReplicaSetNoPrimary',
    servers: Map(3) {
      'ac-kgcjbnq-shard-00-02.muadh0a.mongodb.net:27017' => [ServerDescription],
      'ac-kgcjbnq-shard-00-01.muadh0a.mongodb.net:27017' => [ServerDescription],
      'ac-kgcjbnq-shard-00-00.muadh0a.mongodb.net:27017' => [ServerDescription]
    },
    stale: false,
    compatible: true,
    heartbeatFrequencyMS: 10000,
    localThresholdMS: 15,
    setName: 'atlas-kak0a3-shard-0',
    maxElectionId: new ObjectId('7fffffff000000000000005b'),
    maxSetVersion: 25,
    commonWireVersion: 0,
    logicalSessionTimeoutMinutes: null
  },
  code: undefined,
  [cause]: MongoNetworkError: getaddrinfo ENOTFOUND ac-kgcjbnq-shard-00-02.muadh0a.mongodb.net
      at TLSSocket.<anonymous> (D:\BD\Ankush\AI Project creation\AI Project creation\New project\backend\node_modules\mongodb\lib\cmap\connect.js:286:44)
      at Object.onceWrapper (node:events:623:26)
      at TLSSocket.emit (node:events:508:28)
      at emitErrorNT (node:internal/streams/destroy:170:8)
      at emitErrorCloseNT (node:internal/streams/destroy:129:3)
      at process.processTicksAndRejections (node:internal/process/task_queues:89:21) {
    errorLabelSet: Set(1) { 'ResetPool' },
    beforeHandshake: false,
    [cause]: Error: getaddrinfo ENOTFOUND ac-kgcjbnq-shard-00-02.muadh0a.mongodb.net
        at GetAddrInfoReqWrap.onlookupall [as oncomplete] (node:dns:122:26) {
      errno: -3008,
      code: 'ENOTFOUND',
      syscall: 'getaddrinfo',
      hostname: 'ac-kgcjbnq-shard-00-02.muadh0a.mongodb.net'
    }
  }
}
Error: MongoServerSelectionError: getaddrinfo ENOTFOUND ac-kgcjbnq-shard-00-02.muadh0a.mongodb.net
    at Topology.selectServer (D:\BD\Ankush\AI Project creation\AI Project creation\New project\backend\node_modules\mongodb\lib\sdam\topology.js:327:38)
    at runNextTicks (node:internal/process/task_queues:64:5)
    at listOnTimeout (node:internal/timers:567:9)
    at process.processTimers (node:internal/timers:541:7)
    at async tryOperation (D:\BD\Ankush\AI Project creation\AI Project creation\New project\backend\node_modules\mongodb\lib\operations\execute_operation.js:148:18)
    at async executeOperation (D:\BD\Ankush\AI Project creation\AI Project creation\New project\backend\node_modules\mongodb\lib\operations\execute_operation.js:78:16)
    at async FindCursor._initialize (D:\BD\Ankush\AI Project creation\AI Project creation\New project\backend\node_modules\mongodb\lib\cursor\find_cursor.js:62:26)
    at async FindCursor.cursorInit (D:\BD\Ankush\AI Project creation\AI Project creation\New project\backend\node_modules\mongodb\lib\cursor\abstract_cursor.js:632:27)
    at async FindCursor.fetchBatch (D:\BD\Ankush\AI Project creation\AI Project creation\New project\backend\node_modules\mongodb\lib\cursor\abstract_cursor.js:666:13)
    at async FindCursor.next (D:\BD\Ankush\AI Project creation\AI Project creation\New project\backend\node_modules\mongodb\lib\cursor\abstract_cursor.js:342:17) {
  errorLabelSet: Set(0) {},
  reason: TopologyDescription {
    type: 'ReplicaSetNoPrimary',
    servers: Map(3) {
      'ac-kgcjbnq-shard-00-02.muadh0a.mongodb.net:27017' => [ServerDescription],
      'ac-kgcjbnq-shard-00-01.muadh0a.mongodb.net:27017' => [ServerDescription],
      'ac-kgcjbnq-shard-00-00.muadh0a.mongodb.net:27017' => [ServerDescription]
    },
    stale: false,
    compatible: true,
    heartbeatFrequencyMS: 10000,
    localThresholdMS: 15,
    setName: 'atlas-kak0a3-shard-0',
    maxElectionId: new ObjectId('7fffffff000000000000005b'),
    maxSetVersion: 25,
    commonWireVersion: 0,
    logicalSessionTimeoutMinutes: null
  },
  code: undefined,
  [cause]: MongoNetworkError: getaddrinfo ENOTFOUND ac-kgcjbnq-shard-00-02.muadh0a.mongodb.net
      at TLSSocket.<anonymous> (D:\BD\Ankush\AI Project creation\AI Project creation\New project\backend\node_modules\mongodb\lib\cmap\connect.js:286:44)
      at Object.onceWrapper (node:events:623:26)
      at TLSSocket.emit (node:events:508:28)
      at emitErrorNT (node:internal/streams/destroy:170:8)
      at emitErrorCloseNT (node:internal/streams/destroy:129:3)
      at process.processTicksAndRejections (node:internal/process/task_queues:89:21) {
    errorLabelSet: Set(1) { 'ResetPool' },
    beforeHandshake: false,
    [cause]: Error: getaddrinfo ENOTFOUND ac-kgcjbnq-shard-00-02.muadh0a.mongodb.net
        at GetAddrInfoReqWrap.onlookupall [as oncomplete] (node:dns:122:26) {
      errno: -3008,
      code: 'ENOTFOUND',
      syscall: 'getaddrinfo',
      hostname: 'ac-kgcjbnq-shard-00-02.muadh0a.mongodb.net'
    }
  }
}
Error: MongoServerSelectionError: getaddrinfo ENOTFOUND ac-kgcjbnq-shard-00-02.muadh0a.mongodb.net
    at Topology.selectServer (D:\BD\Ankush\AI Project creation\AI Project creation\New project\backend\node_modules\mongodb\lib\sdam\topology.js:327:38)
    at runNextTicks (node:internal/process/task_queues:64:5)
    at process.processTimers (node:internal/timers:538:9)
    at async tryOperation (D:\BD\Ankush\AI Project creation\AI Project creation\New project\backend\node_modules\mongodb\lib\operations\execute_operation.js:148:18)
    at async executeOperation (D:\BD\Ankush\AI Project creation\AI Project creation\New project\backend\node_modules\mongodb\lib\operations\execute_operation.js:78:16)
    at async FindCursor._initialize (D:\BD\Ankush\AI Project creation\AI Project creation\New project\backend\node_modules\mongodb\lib\cursor\find_cursor.js:62:26)
    at async FindCursor.cursorInit (D:\BD\Ankush\AI Project creation\AI Project creation\New project\backend\node_modules\mongodb\lib\cursor\abstract_cursor.js:632:27)
    at async FindCursor.fetchBatch (D:\BD\Ankush\AI Project creation\AI Project creation\New project\backend\node_modules\mongodb\lib\cursor\abstract_cursor.js:666:13)
    at async FindCursor.next (D:\BD\Ankush\AI Project creation\AI Project creation\New project\backend\node_modules\mongodb\lib\cursor\abstract_cursor.js:342:17)
    at async Collection.findOne (D:\BD\Ankush\AI Project creation\AI Project creation\New project\backend\node_modules\mongodb\lib\collection.js:313:24) {
  errorLabelSet: Set(0) {},
  reason: TopologyDescription {
    type: 'ReplicaSetNoPrimary',
    servers: Map(3) {
      'ac-kgcjbnq-shard-00-02.muadh0a.mongodb.net:27017' => [ServerDescription],
      'ac-kgcjbnq-shard-00-01.muadh0a.mongodb.net:27017' => [ServerDescription],
      'ac-kgcjbnq-shard-00-00.muadh0a.mongodb.net:27017' => [ServerDescription]
    },
    stale: false,
    compatible: true,
    heartbeatFrequencyMS: 10000,
    localThresholdMS: 15,
    setName: 'atlas-kak0a3-shard-0',
    maxElectionId: new ObjectId('7fffffff000000000000005b'),
    maxSetVersion: 25,
    commonWireVersion: 0,
    logicalSessionTimeoutMinutes: null
  },
  code: undefined,
  [cause]: MongoNetworkError: getaddrinfo ENOTFOUND ac-kgcjbnq-shard-00-02.muadh0a.mongodb.net
      at TLSSocket.<anonymous> (D:\BD\Ankush\AI Project creation\AI Project creation\New project\backend\node_modules\mongodb\lib\cmap\connect.js:286:44)
      at Object.onceWrapper (node:events:623:26)
      at TLSSocket.emit (node:events:508:28)
      at emitErrorNT (node:internal/streams/destroy:170:8)
      at emitErrorCloseNT (node:internal/streams/destroy:129:3)
      at process.processTicksAndRejections (node:internal/process/task_queues:89:21) {
    errorLabelSet: Set(1) { 'ResetPool' },
    beforeHandshake: false,
    [cause]: Error: getaddrinfo ENOTFOUND ac-kgcjbnq-shard-00-02.muadh0a.mongodb.net
        at GetAddrInfoReqWrap.onlookupall [as oncomplete] (node:dns:122:26) {
      errno: -3008,
      code: 'ENOTFOUND',
      syscall: 'getaddrinfo',
      hostname: 'ac-kgcjbnq-shard-00-02.muadh0a.mongodb.net'
    }
  }
}
